# JRE version: OpenJDK Runtime Environment (11.0.8+10) (build 11.0.8+10-b944.6842174)
# Java VM: OpenJDK 64-Bit Server VM (11.0.8+10-b944.6842174, mixed mode, tiered, compressed oops, g1 gc, windows-amd64)
Heap:
 garbage-first heap   total 500736K, used 244758K [0x0000000080000000, 0x0000000100000000)
  region size 1024K, 3 young (3072K), 3 survivors (3072K)
 Metaspace       used 89937K, capacity 92167K, committed 92416K, reserved 1128448K
  class space    used 11721K, capacity 12531K, committed 12544K, reserved 1048576K
GC Heap History (20 events):
Event: 30.824 GC heap after
{Heap after GC invocations=20 (full 0):
 garbage-first heap   total 229376K, used 133120K [0x0000000080000000, 0x0000000100000000)
  region size 1024K, 10 young (10240K), 10 survivors (10240K)
 Metaspace       used 85494K, capacity 87576K, committed 88192K, reserved 1126400K
  class space    used 11022K, capacity 11751K, committed 11904K, reserved 1048576K
}
Event: 31.331 GC heap before
{Heap before GC invocations=21 (full 0):
 garbage-first heap   total 229376K, used 169984K [0x0000000080000000, 0x0000000100000000)
  region size 1024K, 46 young (47104K), 10 survivors (10240K)
 Metaspace       used 85548K, capacity 87590K, committed 88192K, reserved 1126400K
  class space    used 11031K, capacity 11756K, committed 11904K, reserved 1048576K
}
Event: 31.382 GC heap after
{Heap after GC invocations=22 (full 0):
 garbage-first heap   total 229376K, used 148791K [0x0000000080000000, 0x0000000100000000)
  region size 1024K, 7 young (7168K), 7 survivors (7168K)
 Metaspace       used 85548K, capacity 87590K, committed 88192K, reserved 1126400K
  class space    used 11031K, capacity 11756K, committed 11904K, reserved 1048576K
}
Event: 31.964 GC heap before
{Heap before GC invocations=23 (full 0):
 garbage-first heap   total 229376K, used 181559K [0x0000000080000000, 0x0000000100000000)
  region size 1024K, 38 young (38912K), 7 survivors (7168K)
 Metaspace       used 87478K, capacity 89525K, committed 89856K, reserved 1126400K
  class space    used 11386K, capacity 12120K, committed 12288K, reserved 1048576K
}
Event: 32.020 GC heap after
{Heap after GC invocations=24 (full 0):
 garbage-first heap   total 275456K, used 166798K [0x0000000080000000, 0x0000000100000000)
  region size 1024K, 5 young (5120K), 5 survivors (5120K)
 Metaspace       used 87478K, capacity 89525K, committed 89856K, reserved 1126400K
  class space    used 11386K, capacity 12120K, committed 12288K, reserved 1048576K
}
Event: 32.258 GC heap before
{Heap before GC invocations=24 (full 0):
 garbage-first heap   total 275456K, used 205710K [0x0000000080000000, 0x0000000100000000)
  region size 1024K, 44 young (45056K), 5 survivors (5120K)
 Metaspace       used 87510K, capacity 89592K, committed 90112K, reserved 1126400K
  class space    used 11386K, capacity 12120K, committed 12288K, reserved 1048576K
}
Event: 32.314 GC heap after
{Heap after GC invocations=25 (full 0):
 garbage-first heap   total 275456K, used 190464K [0x0000000080000000, 0x0000000100000000)
  region size 1024K, 6 young (6144K), 6 survivors (6144K)
 Metaspace       used 87510K, capacity 89592K, committed 90112K, reserved 1126400K
  class space    used 11386K, capacity 12120K, committed 12288K, reserved 1048576K
}
Event: 32.490 GC heap before
{Heap before GC invocations=25 (full 0):
 garbage-first heap   total 275456K, used 217088K [0x0000000080000000, 0x0000000100000000)
  region size 1024K, 33 young (33792K), 6 survivors (6144K)
 Metaspace       used 87512K, capacity 89592K, committed 90112K, reserved 1126400K
  class space    used 11386K, capacity 12120K, committed 12288K, reserved 1048576K
}
Event: 32.522 GC heap after
{Heap after GC invocations=26 (full 0):
 garbage-first heap   total 275456K, used 207836K [0x0000000080000000, 0x0000000100000000)
  region size 1024K, 5 young (5120K), 5 survivors (5120K)
 Metaspace       used 87512K, capacity 89592K, committed 90112K, reserved 1126400K
  class space    used 11386K, capacity 12120K, committed 12288K, reserved 1048576K
}
Event: 32.661 GC heap before
{Heap before GC invocations=26 (full 0):
 garbage-first heap   total 275456K, used 224220K [0x0000000080000000, 0x0000000100000000)
  region size 1024K, 22 young (22528K), 5 survivors (5120K)
 Metaspace       used 87514K, capacity 89592K, committed 90112K, reserved 1126400K
  class space    used 11386K, capacity 12120K, committed 12288K, reserved 1048576K
}
Event: 32.684 GC heap after
{Heap after GC invocations=27 (full 0):
 garbage-first heap   total 275456K, used 218968K [0x0000000080000000, 0x0000000100000000)
  region size 1024K, 3 young (3072K), 3 survivors (3072K)
 Metaspace       used 87514K, capacity 89592K, committed 90112K, reserved 1126400K
  class space    used 11386K, capacity 12120K, committed 12288K, reserved 1048576K
}
Event: 32.771 GC heap before
{Heap before GC invocations=27 (full 0):
 garbage-first heap   total 275456K, used 230232K [0x0000000080000000, 0x0000000100000000)
  region size 1024K, 15 young (15360K), 3 survivors (3072K)
 Metaspace       used 87515K, capacity 89592K, committed 90112K, reserved 1126400K
  class space    used 11386K, capacity 12120K, committed 12288K, reserved 1048576K
}
Event: 32.792 GC heap after
{Heap after GC invocations=28 (full 0):
 garbage-first heap   total 343040K, used 226955K [0x0000000080000000, 0x0000000100000000)
  region size 1024K, 2 young (2048K), 2 survivors (2048K)
 Metaspace       used 87515K, capacity 89592K, committed 90112K, reserved 1126400K
  class space    used 11386K, capacity 12120K, committed 12288K, reserved 1048576K
}
Event: 33.599 GC heap before
{Heap before GC invocations=29 (full 0):
 garbage-first heap   total 343040K, used 260747K [0x0000000080000000, 0x0000000100000000)
  region size 1024K, 37 young (37888K), 2 survivors (2048K)
 Metaspace       used 88597K, capacity 90702K, committed 91008K, reserved 1128448K
  class space    used 11536K, capacity 12296K, committed 12416K, reserved 1048576K
}
Event: 33.629 GC heap after
{Heap after GC invocations=30 (full 0):
 garbage-first heap   total 343040K, used 243358K [0x0000000080000000, 0x0000000100000000)
  region size 1024K, 5 young (5120K), 5 survivors (5120K)
 Metaspace       used 88597K, capacity 90702K, committed 91008K, reserved 1128448K
  class space    used 11536K, capacity 12296K, committed 12416K, reserved 1048576K
}
Event: 34.126 GC heap before
{Heap before GC invocations=30 (full 0):
 garbage-first heap   total 343040K, used 271006K [0x0000000080000000, 0x0000000100000000)
  region size 1024K, 33 young (33792K), 5 survivors (5120K)
 Metaspace       used 89416K, capacity 91618K, committed 91904K, reserved 1128448K
  class space    used 11671K, capacity 12483K, committed 12544K, reserved 1048576K
}
Event: 34.167 GC heap after
{Heap after GC invocations=31 (full 0):
 garbage-first heap   total 343040K, used 250880K [0x0000000080000000, 0x0000000100000000)
  region size 1024K, 5 young (5120K), 5 survivors (5120K)
 Metaspace       used 89416K, capacity 91618K, committed 91904K, reserved 1128448K
  class space    used 11671K, capacity 12483K, committed 12544K, reserved 1048576K
}
Event: 34.772 GC heap before
{Heap before GC invocations=31 (full 0):
 garbage-first heap   total 343040K, used 276480K [0x0000000080000000, 0x0000000100000000)
  region size 1024K, 31 young (31744K), 5 survivors (5120K)
 Metaspace       used 89731K, capacity 91980K, committed 92160K, reserved 1128448K
  class space    used 11710K, capacity 12539K, committed 12544K, reserved 1048576K
}
Event: 34.804 GC heap after
{Heap after GC invocations=32 (full 0):
 garbage-first heap   total 343040K, used 256197K [0x0000000080000000, 0x0000000100000000)
  region size 1024K, 4 young (4096K), 4 survivors (4096K)
 Metaspace       used 89731K, capacity 91980K, committed 92160K, reserved 1128448K
  class space    used 11710K, capacity 12539K, committed 12544K, reserved 1048576K
}
Event: 35.334 GC heap before
{Heap before GC invocations=32 (full 0):
 garbage-first heap   total 343040K, used 266437K [0x0000000080000000, 0x0000000100000000)
  region size 1024K, 29 young (29696K), 4 survivors (4096K)
 Metaspace       used 89937K, capacity 92167K, committed 92416K, reserved 1128448K
  class space    used 11721K, capacity 12531K, committed 12544K, reserved 1048576K
}

