# JRE version: OpenJDK Runtime Environment (11.0.8+10) (build 11.0.8+10-b944.6842174)
# Java VM: OpenJDK 64-Bit Server VM (11.0.8+10-b944.6842174, mixed mode, tiered, compressed oops, g1 gc, windows-amd64)
Heap:
 garbage-first heap   total 397312K, used 151919K [0x0000000080000000, 0x0000000100000000)
  region size 1024K, 9 young (9216K), 9 survivors (9216K)
 Metaspace       used 92654K, capacity 95001K, committed 95488K, reserved 1132544K
  class space    used 11961K, capacity 12829K, committed 13056K, reserved 1048576K
GC Heap History (20 events):
Event: 29.783 GC heap after
{Heap after GC invocations=23 (full 0):
 garbage-first heap   total 275456K, used 138770K [0x0000000080000000, 0x0000000100000000)
  region size 1024K, 6 young (6144K), 6 survivors (6144K)
 Metaspace       used 90783K, capacity 93115K, committed 93824K, reserved 1130496K
  class space    used 11904K, capacity 12741K, committed 12928K, reserved 1048576K
}
Event: 30.641 GC heap before
{Heap before GC invocations=24 (full 0):
 garbage-first heap   total 275456K, used 212498K [0x0000000080000000, 0x0000000100000000)
  region size 1024K, 78 young (79872K), 6 survivors (6144K)
 Metaspace       used 91421K, capacity 93674K, committed 94464K, reserved 1130496K
  class space    used 11907K, capacity 12749K, committed 13056K, reserved 1048576K
}
Event: 30.662 GC heap after
{Heap after GC invocations=25 (full 0):
 garbage-first heap   total 275456K, used 139698K [0x0000000080000000, 0x0000000100000000)
  region size 1024K, 3 young (3072K), 3 survivors (3072K)
 Metaspace       used 91421K, capacity 93674K, committed 94464K, reserved 1130496K
  class space    used 11907K, capacity 12749K, committed 13056K, reserved 1048576K
}
Event: 31.216 GC heap before
{Heap before GC invocations=25 (full 0):
 garbage-first heap   total 275456K, used 215474K [0x0000000080000000, 0x0000000100000000)
  region size 1024K, 77 young (78848K), 3 survivors (3072K)
 Metaspace       used 91626K, capacity 93923K, committed 94464K, reserved 1130496K
  class space    used 11943K, capacity 12790K, committed 13056K, reserved 1048576K
}
Event: 31.234 GC heap after
{Heap after GC invocations=26 (full 0):
 garbage-first heap   total 275456K, used 141024K [0x0000000080000000, 0x0000000100000000)
  region size 1024K, 5 young (5120K), 5 survivors (5120K)
 Metaspace       used 91626K, capacity 93923K, committed 94464K, reserved 1130496K
  class space    used 11943K, capacity 12790K, committed 13056K, reserved 1048576K
}
Event: 32.018 GC heap before
{Heap before GC invocations=27 (full 0):
 garbage-first heap   total 275456K, used 218848K [0x0000000080000000, 0x0000000100000000)
  region size 1024K, 81 young (82944K), 5 survivors (5120K)
 Metaspace       used 91720K, capacity 93994K, committed 94720K, reserved 1130496K
  class space    used 11953K, capacity 12792K, committed 13056K, reserved 1048576K
}
Event: 32.033 GC heap after
{Heap after GC invocations=28 (full 0):
 garbage-first heap   total 275456K, used 141143K [0x0000000080000000, 0x0000000100000000)
  region size 1024K, 5 young (5120K), 5 survivors (5120K)
 Metaspace       used 91720K, capacity 93994K, committed 94720K, reserved 1130496K
  class space    used 11953K, capacity 12792K, committed 13056K, reserved 1048576K
}
Event: 32.448 GC heap before
{Heap before GC invocations=28 (full 0):
 garbage-first heap   total 275456K, used 221015K [0x0000000080000000, 0x0000000100000000)
  region size 1024K, 83 young (84992K), 5 survivors (5120K)
 Metaspace       used 91771K, capacity 94094K, committed 94720K, reserved 1130496K
  class space    used 11955K, capacity 12824K, committed 13056K, reserved 1048576K
}
Event: 32.467 GC heap after
{Heap after GC invocations=29 (full 0):
 garbage-first heap   total 330752K, used 141748K [0x0000000080000000, 0x0000000100000000)
  region size 1024K, 5 young (5120K), 5 survivors (5120K)
 Metaspace       used 91771K, capacity 94094K, committed 94720K, reserved 1130496K
  class space    used 11955K, capacity 12824K, committed 13056K, reserved 1048576K
}
Event: 33.323 GC heap before
{Heap before GC invocations=30 (full 0):
 garbage-first heap   total 330752K, used 251316K [0x0000000080000000, 0x0000000100000000)
  region size 1024K, 112 young (114688K), 5 survivors (5120K)
 Metaspace       used 91954K, capacity 94305K, committed 94976K, reserved 1130496K
  class space    used 11957K, capacity 12828K, committed 13056K, reserved 1048576K
}
Event: 33.342 GC heap after
{Heap after GC invocations=31 (full 0):
 garbage-first heap   total 330752K, used 142475K [0x0000000080000000, 0x0000000100000000)
  region size 1024K, 6 young (6144K), 6 survivors (6144K)
 Metaspace       used 91954K, capacity 94305K, committed 94976K, reserved 1130496K
  class space    used 11957K, capacity 12828K, committed 13056K, reserved 1048576K
}
Event: 33.848 GC heap before
{Heap before GC invocations=31 (full 0):
 garbage-first heap   total 330752K, used 261259K [0x0000000080000000, 0x0000000100000000)
  region size 1024K, 123 young (125952K), 6 survivors (6144K)
 Metaspace       used 92200K, capacity 94575K, committed 95232K, reserved 1132544K
  class space    used 11957K, capacity 12828K, committed 13056K, reserved 1048576K
}
Event: 33.863 GC heap after
{Heap after GC invocations=32 (full 0):
 garbage-first heap   total 330752K, used 143083K [0x0000000080000000, 0x0000000100000000)
  region size 1024K, 7 young (7168K), 7 survivors (7168K)
 Metaspace       used 92200K, capacity 94575K, committed 95232K, reserved 1132544K
  class space    used 11957K, capacity 12828K, committed 13056K, reserved 1048576K
}
Event: 34.489 GC heap before
{Heap before GC invocations=32 (full 0):
 garbage-first heap   total 330752K, used 265963K [0x0000000080000000, 0x0000000100000000)
  region size 1024K, 128 young (131072K), 7 survivors (7168K)
 Metaspace       used 92496K, capacity 94803K, committed 95232K, reserved 1132544K
  class space    used 11961K, capacity 12829K, committed 13056K, reserved 1048576K
}
Event: 34.504 GC heap after
{Heap after GC invocations=33 (full 0):
 garbage-first heap   total 330752K, used 144876K [0x0000000080000000, 0x0000000100000000)
  region size 1024K, 8 young (8192K), 8 survivors (8192K)
 Metaspace       used 92496K, capacity 94803K, committed 95232K, reserved 1132544K
  class space    used 11961K, capacity 12829K, committed 13056K, reserved 1048576K
}
Event: 34.927 GC heap before
{Heap before GC invocations=33 (full 0):
 garbage-first heap   total 330752K, used 270828K [0x0000000080000000, 0x0000000100000000)
  region size 1024K, 132 young (135168K), 8 survivors (8192K)
 Metaspace       used 92578K, capacity 94934K, committed 95488K, reserved 1132544K
  class space    used 11961K, capacity 12829K, committed 13056K, reserved 1048576K
}
Event: 34.949 GC heap after
{Heap after GC invocations=34 (full 0):
 garbage-first heap   total 330752K, used 148972K [0x0000000080000000, 0x0000000100000000)
  region size 1024K, 12 young (12288K), 12 survivors (12288K)
 Metaspace       used 92578K, capacity 94934K, committed 95488K, reserved 1132544K
  class space    used 11961K, capacity 12829K, committed 13056K, reserved 1048576K
}
Event: 35.330 GC heap before
{Heap before GC invocations=34 (full 0):
 garbage-first heap   total 330752K, used 273900K [0x0000000080000000, 0x0000000100000000)
  region size 1024K, 135 young (138240K), 12 survivors (12288K)
 Metaspace       used 92630K, capacity 95001K, committed 95488K, reserved 1132544K
  class space    used 11961K, capacity 12829K, committed 13056K, reserved 1048576K
}
Event: 35.354 GC heap after
{Heap after GC invocations=35 (full 0):
 garbage-first heap   total 330752K, used 151178K [0x0000000080000000, 0x0000000100000000)
  region size 1024K, 11 young (11264K), 11 survivors (11264K)
 Metaspace       used 92630K, capacity 95001K, committed 95488K, reserved 1132544K
  class space    used 11961K, capacity 12829K, committed 13056K, reserved 1048576K
}
Event: 35.707 GC heap before
{Heap before GC invocations=35 (full 0):
 garbage-first heap   total 330752K, used 276106K [0x0000000080000000, 0x0000000100000000)
  region size 1024K, 133 young (136192K), 11 survivors (11264K)
 Metaspace       used 92654K, capacity 95001K, committed 95488K, reserved 1132544K
  class space    used 11961K, capacity 12829K, committed 13056K, reserved 1048576K
}

