# JRE version: OpenJDK Runtime Environment (11.0.8+10) (build 11.0.8+10-b944.6842174)
# Java VM: OpenJDK 64-Bit Server VM (11.0.8+10-b944.6842174, mixed mode, tiered, compressed oops, g1 gc, windows-amd64)
Heap:
 garbage-first heap   total 694272K, used 284672K [0x0000000080000000, 0x0000000100000000)
  region size 1024K, 3 young (3072K), 3 survivors (3072K)
 Metaspace       used 109002K, capacity 112040K, committed 112292K, reserved 1146880K
  class space    used 13795K, capacity 14850K, committed 14976K, reserved 1048576K
GC Heap History (20 events):
Event: 198.283 GC heap after
{Heap after GC invocations=29 (full 0):
 garbage-first heap   total 262144K, used 190455K [0x0000000080000000, 0x0000000100000000)
  region size 1024K, 5 young (5120K), 5 survivors (5120K)
 Metaspace       used 106146K, capacity 109135K, committed 109476K, reserved 1144832K
  class space    used 13319K, capacity 14351K, committed 14464K, reserved 1048576K
}
Event: 198.929 GC heap before
{Heap before GC invocations=30 (full 0):
 garbage-first heap   total 262144K, used 218103K [0x0000000080000000, 0x0000000100000000)
  region size 1024K, 30 young (30720K), 5 survivors (5120K)
 Metaspace       used 107960K, capacity 110990K, committed 111012K, reserved 1146880K
  class space    used 13663K, capacity 14710K, committed 14720K, reserved 1048576K
}
Event: 198.973 GC heap after
{Heap after GC invocations=31 (full 0):
 garbage-first heap   total 262144K, used 204736K [0x0000000080000000, 0x0000000100000000)
  region size 1024K, 4 young (4096K), 4 survivors (4096K)
 Metaspace       used 107960K, capacity 110990K, committed 111012K, reserved 1146880K
  class space    used 13663K, capacity 14710K, committed 14720K, reserved 1048576K
}
Event: 199.036 GC heap before
{Heap before GC invocations=31 (full 0):
 garbage-first heap   total 262144K, used 212928K [0x0000000080000000, 0x0000000100000000)
  region size 1024K, 12 young (12288K), 4 survivors (4096K)
 Metaspace       used 107968K, capacity 111054K, committed 111268K, reserved 1146880K
  class space    used 13663K, capacity 14710K, committed 14720K, reserved 1048576K
}
Event: 199.065 GC heap after
{Heap after GC invocations=32 (full 0):
 garbage-first heap   total 262144K, used 208430K [0x0000000080000000, 0x0000000100000000)
  region size 1024K, 2 young (2048K), 2 survivors (2048K)
 Metaspace       used 107968K, capacity 111054K, committed 111268K, reserved 1146880K
  class space    used 13663K, capacity 14710K, committed 14720K, reserved 1048576K
}
Event: 199.132 GC heap before
{Heap before GC invocations=32 (full 0):
 garbage-first heap   total 262144K, used 220718K [0x0000000080000000, 0x0000000100000000)
  region size 1024K, 14 young (14336K), 2 survivors (2048K)
 Metaspace       used 107978K, capacity 111054K, committed 111268K, reserved 1146880K
  class space    used 13663K, capacity 14710K, committed 14720K, reserved 1048576K
}
Event: 199.151 GC heap after
{Heap after GC invocations=33 (full 0):
 garbage-first heap   total 262144K, used 216064K [0x0000000080000000, 0x0000000100000000)
  region size 1024K, 2 young (2048K), 2 survivors (2048K)
 Metaspace       used 107978K, capacity 111054K, committed 111268K, reserved 1146880K
  class space    used 13663K, capacity 14710K, committed 14720K, reserved 1048576K
}
Event: 199.231 GC heap before
{Heap before GC invocations=33 (full 0):
 garbage-first heap   total 262144K, used 226304K [0x0000000080000000, 0x0000000100000000)
  region size 1024K, 12 young (12288K), 2 survivors (2048K)
 Metaspace       used 107992K, capacity 111057K, committed 111268K, reserved 1146880K
  class space    used 13663K, capacity 14710K, committed 14720K, reserved 1048576K
}
Event: 199.248 GC heap after
{Heap after GC invocations=34 (full 0):
 garbage-first heap   total 262144K, used 222397K [0x0000000080000000, 0x0000000100000000)
  region size 1024K, 2 young (2048K), 2 survivors (2048K)
 Metaspace       used 107992K, capacity 111057K, committed 111268K, reserved 1146880K
  class space    used 13663K, capacity 14710K, committed 14720K, reserved 1048576K
}
Event: 199.324 GC heap before
{Heap before GC invocations=34 (full 0):
 garbage-first heap   total 262144K, used 231613K [0x0000000080000000, 0x0000000100000000)
  region size 1024K, 12 young (12288K), 2 survivors (2048K)
 Metaspace       used 107994K, capacity 111057K, committed 111268K, reserved 1146880K
  class space    used 13663K, capacity 14710K, committed 14720K, reserved 1048576K
}
Event: 199.339 GC heap after
{Heap after GC invocations=35 (full 0):
 garbage-first heap   total 262144K, used 228273K [0x0000000080000000, 0x0000000100000000)
  region size 1024K, 2 young (2048K), 2 survivors (2048K)
 Metaspace       used 107994K, capacity 111057K, committed 111268K, reserved 1146880K
  class space    used 13663K, capacity 14710K, committed 14720K, reserved 1048576K
}
Event: 199.400 GC heap before
{Heap before GC invocations=35 (full 0):
 garbage-first heap   total 262144K, used 237489K [0x0000000080000000, 0x0000000100000000)
  region size 1024K, 12 young (12288K), 2 survivors (2048K)
 Metaspace       used 107994K, capacity 111057K, committed 111268K, reserved 1146880K
  class space    used 13663K, capacity 14710K, committed 14720K, reserved 1048576K
}
Event: 199.419 GC heap after
{Heap after GC invocations=36 (full 0):
 garbage-first heap   total 347136K, used 234468K [0x0000000080000000, 0x0000000100000000)
  region size 1024K, 2 young (2048K), 2 survivors (2048K)
 Metaspace       used 107994K, capacity 111057K, committed 111268K, reserved 1146880K
  class space    used 13663K, capacity 14710K, committed 14720K, reserved 1048576K
}
Event: 199.649 GC heap before
{Heap before GC invocations=36 (full 0):
 garbage-first heap   total 347136K, used 265188K [0x0000000080000000, 0x0000000100000000)
  region size 1024K, 32 young (32768K), 2 survivors (2048K)
 Metaspace       used 107999K, capacity 111057K, committed 111268K, reserved 1146880K
  class space    used 13664K, capacity 14710K, committed 14720K, reserved 1048576K
}
Event: 199.676 GC heap after
{Heap after GC invocations=37 (full 0):
 garbage-first heap   total 347136K, used 252045K [0x0000000080000000, 0x0000000100000000)
  region size 1024K, 4 young (4096K), 4 survivors (4096K)
 Metaspace       used 107999K, capacity 111057K, committed 111268K, reserved 1146880K
  class space    used 13664K, capacity 14710K, committed 14720K, reserved 1048576K
}
Event: 199.879 GC heap before
{Heap before GC invocations=37 (full 0):
 garbage-first heap   total 347136K, used 275597K [0x0000000080000000, 0x0000000100000000)
  region size 1024K, 28 young (28672K), 4 survivors (4096K)
 Metaspace       used 108011K, capacity 111027K, committed 111268K, reserved 1146880K
  class space    used 13658K, capacity 14699K, committed 14720K, reserved 1048576K
}
Event: 199.912 GC heap after
{Heap after GC invocations=38 (full 0):
 garbage-first heap   total 347136K, used 265853K [0x0000000080000000, 0x0000000100000000)
  region size 1024K, 4 young (4096K), 4 survivors (4096K)
 Metaspace       used 108011K, capacity 111027K, committed 111268K, reserved 1146880K
  class space    used 13658K, capacity 14699K, committed 14720K, reserved 1048576K
}
Event: 200.126 GC heap before
{Heap before GC invocations=38 (full 0):
 garbage-first heap   total 347136K, used 285309K [0x0000000080000000, 0x0000000100000000)
  region size 1024K, 23 young (23552K), 4 survivors (4096K)
 Metaspace       used 108017K, capacity 111027K, committed 111268K, reserved 1146880K
  class space    used 13658K, capacity 14699K, committed 14720K, reserved 1048576K
}
Event: 200.163 GC heap after
{Heap after GC invocations=39 (full 0):
 garbage-first heap   total 347136K, used 278157K [0x0000000080000000, 0x0000000100000000)
  region size 1024K, 3 young (3072K), 3 survivors (3072K)
 Metaspace       used 108017K, capacity 111027K, committed 111268K, reserved 1146880K
  class space    used 13658K, capacity 14699K, committed 14720K, reserved 1048576K
}
Event: 200.502 GC heap before
{Heap before GC invocations=40 (full 0):
 garbage-first heap   total 347136K, used 291469K [0x0000000080000000, 0x0000000100000000)
  region size 1024K, 17 young (17408K), 3 survivors (3072K)
 Metaspace       used 109002K, capacity 112040K, committed 112292K, reserved 1146880K
  class space    used 13795K, capacity 14850K, committed 14976K, reserved 1048576K
}

