# JRE version: OpenJDK Runtime Environment (11.0.8+10) (build 11.0.8+10-b944.6842174)
# Java VM: OpenJDK 64-Bit Server VM (11.0.8+10-b944.6842174, mixed mode, tiered, compressed oops, g1 gc, windows-amd64)
Heap:
 garbage-first heap   total 334848K, used 252251K [0x0000000080000000, 0x0000000100000000)
  region size 1024K, 30 young (30720K), 2 survivors (2048K)
 Metaspace       used 86173K, capacity 88327K, committed 88704K, reserved 1126400K
  class space    used 11281K, capacity 12032K, committed 12160K, reserved 1048576K
GC Heap History (20 events):
Event: 25.350 GC heap before
{Heap before GC invocations=12 (full 0):
 garbage-first heap   total 229376K, used 173903K [0x0000000080000000, 0x0000000100000000)
  region size 1024K, 120 young (122880K), 9 survivors (9216K)
 Metaspace       used 77618K, capacity 79607K, committed 79744K, reserved 1118208K
  class space    used 10084K, capacity 10836K, committed 10880K, reserved 1048576K
}
Event: 25.383 GC heap after
{Heap after GC invocations=13 (full 0):
 garbage-first heap   total 229376K, used 67681K [0x0000000080000000, 0x0000000100000000)
  region size 1024K, 7 young (7168K), 7 survivors (7168K)
 Metaspace       used 77618K, capacity 79607K, committed 79744K, reserved 1118208K
  class space    used 10084K, capacity 10836K, committed 10880K, reserved 1048576K
}
Event: 26.777 GC heap before
{Heap before GC invocations=13 (full 0):
 garbage-first heap   total 229376K, used 176225K [0x0000000080000000, 0x0000000100000000)
  region size 1024K, 114 young (116736K), 7 survivors (7168K)
 Metaspace       used 80619K, capacity 82772K, committed 82944K, reserved 1120256K
  class space    used 10472K, capacity 11208K, committed 11264K, reserved 1048576K
}
Event: 26.795 GC heap after
{Heap after GC invocations=14 (full 0):
 garbage-first heap   total 229376K, used 72096K [0x0000000080000000, 0x0000000100000000)
  region size 1024K, 12 young (12288K), 12 survivors (12288K)
 Metaspace       used 80619K, capacity 82772K, committed 82944K, reserved 1120256K
  class space    used 10472K, capacity 11208K, committed 11264K, reserved 1048576K
}
Event: 27.712 GC heap before
{Heap before GC invocations=14 (full 0):
 garbage-first heap   total 229376K, used 161184K [0x0000000080000000, 0x0000000100000000)
  region size 1024K, 62 young (63488K), 12 survivors (12288K)
 Metaspace       used 83548K, capacity 85741K, committed 85888K, reserved 1124352K
  class space    used 10878K, capacity 11646K, committed 11648K, reserved 1048576K
}
Event: 27.746 GC heap after
{Heap after GC invocations=15 (full 0):
 garbage-first heap   total 229376K, used 116237K [0x0000000080000000, 0x0000000100000000)
  region size 1024K, 15 young (15360K), 15 survivors (15360K)
 Metaspace       used 83548K, capacity 85741K, committed 85888K, reserved 1124352K
  class space    used 10878K, capacity 11646K, committed 11648K, reserved 1048576K
}
Event: 28.631 GC heap before
{Heap before GC invocations=16 (full 0):
 garbage-first heap   total 229376K, used 152077K [0x0000000080000000, 0x0000000100000000)
  region size 1024K, 49 young (50176K), 15 survivors (15360K)
 Metaspace       used 83690K, capacity 85771K, committed 86272K, reserved 1124352K
  class space    used 10858K, capacity 11592K, committed 11776K, reserved 1048576K
}
Event: 28.761 GC heap after
{Heap after GC invocations=17 (full 0):
 garbage-first heap   total 229376K, used 129930K [0x0000000080000000, 0x0000000100000000)
  region size 1024K, 10 young (10240K), 10 survivors (10240K)
 Metaspace       used 83690K, capacity 85771K, committed 86272K, reserved 1124352K
  class space    used 10858K, capacity 11592K, committed 11776K, reserved 1048576K
}
Event: 29.377 GC heap before
{Heap before GC invocations=18 (full 0):
 garbage-first heap   total 229376K, used 166794K [0x0000000080000000, 0x0000000100000000)
  region size 1024K, 46 young (47104K), 10 survivors (10240K)
 Metaspace       used 83703K, capacity 85771K, committed 86272K, reserved 1124352K
  class space    used 10859K, capacity 11592K, committed 11776K, reserved 1048576K
}
Event: 29.443 GC heap after
{Heap after GC invocations=19 (full 0):
 garbage-first heap   total 229376K, used 145583K [0x0000000080000000, 0x0000000100000000)
  region size 1024K, 7 young (7168K), 7 survivors (7168K)
 Metaspace       used 83703K, capacity 85771K, committed 86272K, reserved 1124352K
  class space    used 10859K, capacity 11592K, committed 11776K, reserved 1048576K
}
Event: 30.111 GC heap before
{Heap before GC invocations=20 (full 0):
 garbage-first heap   total 229376K, used 179375K [0x0000000080000000, 0x0000000100000000)
  region size 1024K, 39 young (39936K), 7 survivors (7168K)
 Metaspace       used 85630K, capacity 87698K, committed 88064K, reserved 1126400K
  class space    used 11214K, capacity 11955K, committed 12032K, reserved 1048576K
}
Event: 30.171 GC heap after
{Heap after GC invocations=21 (full 0):
 garbage-first heap   total 278528K, used 163840K [0x0000000080000000, 0x0000000100000000)
  region size 1024K, 5 young (5120K), 5 survivors (5120K)
 Metaspace       used 85630K, capacity 87698K, committed 88064K, reserved 1126400K
  class space    used 11214K, capacity 11955K, committed 12032K, reserved 1048576K
}
Event: 30.415 GC heap before
{Heap before GC invocations=21 (full 0):
 garbage-first heap   total 278528K, used 204800K [0x0000000080000000, 0x0000000100000000)
  region size 1024K, 45 young (46080K), 5 survivors (5120K)
 Metaspace       used 85654K, capacity 87765K, committed 88064K, reserved 1126400K
  class space    used 11214K, capacity 11955K, committed 12032K, reserved 1048576K
}
Event: 30.473 GC heap after
{Heap after GC invocations=22 (full 0):
 garbage-first heap   total 278528K, used 187790K [0x0000000080000000, 0x0000000100000000)
  region size 1024K, 6 young (6144K), 6 survivors (6144K)
 Metaspace       used 85654K, capacity 87765K, committed 88064K, reserved 1126400K
  class space    used 11214K, capacity 11955K, committed 12032K, reserved 1048576K
}
Event: 30.686 GC heap before
{Heap before GC invocations=22 (full 0):
 garbage-first heap   total 278528K, used 215438K [0x0000000080000000, 0x0000000100000000)
  region size 1024K, 34 young (34816K), 6 survivors (6144K)
 Metaspace       used 85657K, capacity 87765K, committed 88064K, reserved 1126400K
  class space    used 11214K, capacity 11955K, committed 12032K, reserved 1048576K
}
Event: 30.728 GC heap after
{Heap after GC invocations=23 (full 0):
 garbage-first heap   total 278528K, used 206324K [0x0000000080000000, 0x0000000100000000)
  region size 1024K, 5 young (5120K), 5 survivors (5120K)
 Metaspace       used 85657K, capacity 87765K, committed 88064K, reserved 1126400K
  class space    used 11214K, capacity 11955K, committed 12032K, reserved 1048576K
}
Event: 30.880 GC heap before
{Heap before GC invocations=23 (full 0):
 garbage-first heap   total 278528K, used 224756K [0x0000000080000000, 0x0000000100000000)
  region size 1024K, 24 young (24576K), 5 survivors (5120K)
 Metaspace       used 85661K, capacity 87765K, committed 88064K, reserved 1126400K
  class space    used 11214K, capacity 11955K, committed 12032K, reserved 1048576K
}
Event: 30.908 GC heap after
{Heap after GC invocations=24 (full 0):
 garbage-first heap   total 278528K, used 218112K [0x0000000080000000, 0x0000000100000000)
  region size 1024K, 3 young (3072K), 3 survivors (3072K)
 Metaspace       used 85661K, capacity 87765K, committed 88064K, reserved 1126400K
  class space    used 11214K, capacity 11955K, committed 12032K, reserved 1048576K
}
Event: 31.138 GC heap before
{Heap before GC invocations=24 (full 0):
 garbage-first heap   total 278528K, used 229376K [0x0000000080000000, 0x0000000100000000)
  region size 1024K, 16 young (16384K), 3 survivors (3072K)
 Metaspace       used 85685K, capacity 87765K, committed 88064K, reserved 1126400K
  class space    used 11214K, capacity 11955K, committed 12032K, reserved 1048576K
}
Event: 31.171 GC heap after
{Heap after GC invocations=25 (full 0):
 garbage-first heap   total 334848K, used 225627K [0x0000000080000000, 0x0000000100000000)
  region size 1024K, 2 young (2048K), 2 survivors (2048K)
 Metaspace       used 85685K, capacity 87765K, committed 88064K, reserved 1126400K
  class space    used 11214K, capacity 11955K, committed 12032K, reserved 1048576K
}

