# JRE version: OpenJDK Runtime Environment (11.0.8+10) (build 11.0.8+10-b944.6842174)
# Java VM: OpenJDK 64-Bit Server VM (11.0.8+10-b944.6842174, mixed mode, tiered, compressed oops, g1 gc, windows-amd64)
Heap:
 garbage-first heap   total 536576K, used 243075K [0x0000000080000000, 0x0000000100000000)
  region size 1024K, 3 young (3072K), 3 survivors (3072K)
 Metaspace       used 89578K, capacity 91709K, committed 91904K, reserved 1128448K
  class space    used 11678K, capacity 12454K, committed 12544K, reserved 1048576K
GC Heap History (20 events):
Event: 30.263 GC heap after
{Heap after GC invocations=20 (full 0):
 garbage-first heap   total 229376K, used 146800K [0x0000000080000000, 0x0000000100000000)
  region size 1024K, 7 young (7168K), 7 survivors (7168K)
 Metaspace       used 85334K, capacity 87287K, committed 87680K, reserved 1124352K
  class space    used 11039K, capacity 11751K, committed 11904K, reserved 1048576K
}
Event: 30.854 GC heap before
{Heap before GC invocations=21 (full 0):
 garbage-first heap   total 229376K, used 181616K [0x0000000080000000, 0x0000000100000000)
  region size 1024K, 39 young (39936K), 7 survivors (7168K)
 Metaspace       used 87278K, capacity 89319K, committed 89600K, reserved 1126400K
  class space    used 11401K, capacity 12129K, committed 12288K, reserved 1048576K
}
Event: 30.909 GC heap after
{Heap after GC invocations=22 (full 0):
 garbage-first heap   total 229376K, used 164864K [0x0000000080000000, 0x0000000100000000)
  region size 1024K, 5 young (5120K), 5 survivors (5120K)
 Metaspace       used 87278K, capacity 89319K, committed 89600K, reserved 1126400K
  class space    used 11401K, capacity 12129K, committed 12288K, reserved 1048576K
}
Event: 31.038 GC heap before
{Heap before GC invocations=22 (full 0):
 garbage-first heap   total 229376K, used 185344K [0x0000000080000000, 0x0000000100000000)
  region size 1024K, 25 young (25600K), 5 survivors (5120K)
 Metaspace       used 87300K, capacity 89322K, committed 89600K, reserved 1126400K
  class space    used 11401K, capacity 12129K, committed 12288K, reserved 1048576K
}
Event: 31.076 GC heap after
{Heap after GC invocations=23 (full 0):
 garbage-first heap   total 283648K, used 177540K [0x0000000080000000, 0x0000000100000000)
  region size 1024K, 4 young (4096K), 4 survivors (4096K)
 Metaspace       used 87300K, capacity 89322K, committed 89600K, reserved 1126400K
  class space    used 11401K, capacity 12129K, committed 12288K, reserved 1048576K
}
Event: 31.347 GC heap before
{Heap before GC invocations=23 (full 0):
 garbage-first heap   total 283648K, used 210308K [0x0000000080000000, 0x0000000100000000)
  region size 1024K, 37 young (37888K), 4 survivors (4096K)
 Metaspace       used 87309K, capacity 89322K, committed 89600K, reserved 1126400K
  class space    used 11401K, capacity 12129K, committed 12288K, reserved 1048576K
}
Event: 31.386 GC heap after
{Heap after GC invocations=24 (full 0):
 garbage-first heap   total 283648K, used 197632K [0x0000000080000000, 0x0000000100000000)
  region size 1024K, 5 young (5120K), 5 survivors (5120K)
 Metaspace       used 87309K, capacity 89322K, committed 89600K, reserved 1126400K
  class space    used 11401K, capacity 12129K, committed 12288K, reserved 1048576K
}
Event: 31.636 GC heap before
{Heap before GC invocations=24 (full 0):
 garbage-first heap   total 283648K, used 221184K [0x0000000080000000, 0x0000000100000000)
  region size 1024K, 30 young (30720K), 5 survivors (5120K)
 Metaspace       used 87346K, capacity 89386K, committed 89856K, reserved 1126400K
  class space    used 11401K, capacity 12129K, committed 12288K, reserved 1048576K
}
Event: 31.669 GC heap after
{Heap after GC invocations=25 (full 0):
 garbage-first heap   total 283648K, used 212381K [0x0000000080000000, 0x0000000100000000)
  region size 1024K, 4 young (4096K), 4 survivors (4096K)
 Metaspace       used 87346K, capacity 89386K, committed 89856K, reserved 1126400K
  class space    used 11401K, capacity 12129K, committed 12288K, reserved 1048576K
}
Event: 31.802 GC heap before
{Heap before GC invocations=25 (full 0):
 garbage-first heap   total 283648K, used 230813K [0x0000000080000000, 0x0000000100000000)
  region size 1024K, 22 young (22528K), 4 survivors (4096K)
 Metaspace       used 87347K, capacity 89386K, committed 89856K, reserved 1126400K
  class space    used 11401K, capacity 12129K, committed 12288K, reserved 1048576K
}
Event: 31.833 GC heap after
{Heap after GC invocations=26 (full 0):
 garbage-first heap   total 283648K, used 224007K [0x0000000080000000, 0x0000000100000000)
  region size 1024K, 3 young (3072K), 3 survivors (3072K)
 Metaspace       used 87347K, capacity 89386K, committed 89856K, reserved 1126400K
  class space    used 11401K, capacity 12129K, committed 12288K, reserved 1048576K
}
Event: 32.011 GC heap before
{Heap before GC invocations=27 (full 0):
 garbage-first heap   total 283648K, used 236295K [0x0000000080000000, 0x0000000100000000)
  region size 1024K, 16 young (16384K), 3 survivors (3072K)
 Metaspace       used 87349K, capacity 89386K, committed 89856K, reserved 1126400K
  class space    used 11401K, capacity 12129K, committed 12288K, reserved 1048576K
}
Event: 32.038 GC heap after
{Heap after GC invocations=28 (full 0):
 garbage-first heap   total 340992K, used 232448K [0x0000000080000000, 0x0000000100000000)
  region size 1024K, 2 young (2048K), 2 survivors (2048K)
 Metaspace       used 87349K, capacity 89386K, committed 89856K, reserved 1126400K
  class space    used 11401K, capacity 12129K, committed 12288K, reserved 1048576K
}
Event: 32.760 GC heap before
{Heap before GC invocations=28 (full 0):
 garbage-first heap   total 340992K, used 260096K [0x0000000080000000, 0x0000000100000000)
  region size 1024K, 30 young (30720K), 2 survivors (2048K)
 Metaspace       used 89009K, capacity 91165K, committed 91264K, reserved 1128448K
  class space    used 11629K, capacity 12412K, committed 12416K, reserved 1048576K
}
Event: 32.789 GC heap after
{Heap after GC invocations=29 (full 0):
 garbage-first heap   total 340992K, used 243944K [0x0000000080000000, 0x0000000100000000)
  region size 1024K, 4 young (4096K), 4 survivors (4096K)
 Metaspace       used 89009K, capacity 91165K, committed 91264K, reserved 1128448K
  class space    used 11629K, capacity 12412K, committed 12416K, reserved 1048576K
}
Event: 33.302 GC heap before
{Heap before GC invocations=29 (full 0):
 garbage-first heap   total 340992K, used 268520K [0x0000000080000000, 0x0000000100000000)
  region size 1024K, 29 young (29696K), 4 survivors (4096K)
 Metaspace       used 89288K, capacity 91451K, committed 91648K, reserved 1128448K
  class space    used 11664K, capacity 12464K, committed 12544K, reserved 1048576K
}
Event: 33.341 GC heap after
{Heap after GC invocations=30 (full 0):
 garbage-first heap   total 340992K, used 250473K [0x0000000080000000, 0x0000000100000000)
  region size 1024K, 4 young (4096K), 4 survivors (4096K)
 Metaspace       used 89288K, capacity 91451K, committed 91648K, reserved 1128448K
  class space    used 11664K, capacity 12464K, committed 12544K, reserved 1048576K
}
Event: 33.783 GC heap before
{Heap before GC invocations=30 (full 0):
 garbage-first heap   total 340992K, used 258665K [0x0000000080000000, 0x0000000100000000)
  region size 1024K, 28 young (28672K), 4 survivors (4096K)
 Metaspace       used 89335K, capacity 91485K, committed 91648K, reserved 1128448K
  class space    used 11660K, capacity 12448K, committed 12544K, reserved 1048576K
}
Event: 33.814 GC heap after
{Heap after GC invocations=31 (full 0):
 garbage-first heap   total 340992K, used 238743K [0x0000000080000000, 0x0000000100000000)
  region size 1024K, 4 young (4096K), 4 survivors (4096K)
 Metaspace       used 89335K, capacity 91485K, committed 91648K, reserved 1128448K
  class space    used 11660K, capacity 12448K, committed 12544K, reserved 1048576K
}
Event: 34.395 GC heap before
{Heap before GC invocations=32 (full 0):
 garbage-first heap   total 340992K, used 269463K [0x0000000080000000, 0x0000000100000000)
  region size 1024K, 33 young (33792K), 4 survivors (4096K)
 Metaspace       used 89578K, capacity 91709K, committed 91904K, reserved 1128448K
  class space    used 11678K, capacity 12454K, committed 12544K, reserved 1048576K
}

