# JRE version: OpenJDK Runtime Environment (11.0.8+10) (build 11.0.8+10-b944.6842174)
# Java VM: OpenJDK 64-Bit Server VM (11.0.8+10-b944.6842174, mixed mode, tiered, compressed oops, g1 gc, windows-amd64)
Heap:
 garbage-first heap   total 488448K, used 241058K [0x0000000080000000, 0x0000000100000000)
  region size 1024K, 3 young (3072K), 3 survivors (3072K)
 Metaspace       used 87976K, capacity 90165K, committed 90368K, reserved 1128448K
  class space    used 11497K, capacity 12287K, committed 12288K, reserved 1048576K
GC Heap History (20 events):
Event: 29.399 GC heap after
{Heap after GC invocations=20 (full 0):
 garbage-first heap   total 229376K, used 146047K [0x0000000080000000, 0x0000000100000000)
  region size 1024K, 7 young (7168K), 7 survivors (7168K)
 Metaspace       used 83721K, capacity 85768K, committed 86272K, reserved 1124352K
  class space    used 10860K, capacity 11592K, committed 11776K, reserved 1048576K
}
Event: 30.038 GC heap before
{Heap before GC invocations=21 (full 0):
 garbage-first heap   total 229376K, used 179839K [0x0000000080000000, 0x0000000100000000)
  region size 1024K, 38 young (38912K), 7 survivors (7168K)
 Metaspace       used 85676K, capacity 87721K, committed 88064K, reserved 1126400K
  class space    used 11220K, capacity 11965K, committed 12032K, reserved 1048576K
}
Event: 30.090 GC heap after
{Heap after GC invocations=22 (full 0):
 garbage-first heap   total 229376K, used 164161K [0x0000000080000000, 0x0000000100000000)
  region size 1024K, 5 young (5120K), 5 survivors (5120K)
 Metaspace       used 85676K, capacity 87721K, committed 88064K, reserved 1126400K
  class space    used 11220K, capacity 11965K, committed 12032K, reserved 1048576K
}
Event: 30.248 GC heap before
{Heap before GC invocations=22 (full 0):
 garbage-first heap   total 229376K, used 183617K [0x0000000080000000, 0x0000000100000000)
  region size 1024K, 25 young (25600K), 5 survivors (5120K)
 Metaspace       used 85697K, capacity 87788K, committed 88064K, reserved 1126400K
  class space    used 11221K, capacity 11965K, committed 12032K, reserved 1048576K
}
Event: 30.285 GC heap after
{Heap after GC invocations=23 (full 0):
 garbage-first heap   total 282624K, used 176523K [0x0000000080000000, 0x0000000100000000)
  region size 1024K, 4 young (4096K), 4 survivors (4096K)
 Metaspace       used 85697K, capacity 87788K, committed 88064K, reserved 1126400K
  class space    used 11221K, capacity 11965K, committed 12032K, reserved 1048576K
}
Event: 30.695 GC heap before
{Heap before GC invocations=23 (full 0):
 garbage-first heap   total 282624K, used 209291K [0x0000000080000000, 0x0000000100000000)
  region size 1024K, 37 young (37888K), 4 survivors (4096K)
 Metaspace       used 85701K, capacity 87788K, committed 88064K, reserved 1126400K
  class space    used 11221K, capacity 11965K, committed 12032K, reserved 1048576K
}
Event: 30.743 GC heap after
{Heap after GC invocations=24 (full 0):
 garbage-first heap   total 282624K, used 196244K [0x0000000080000000, 0x0000000100000000)
  region size 1024K, 5 young (5120K), 5 survivors (5120K)
 Metaspace       used 85701K, capacity 87788K, committed 88064K, reserved 1126400K
  class space    used 11221K, capacity 11965K, committed 12032K, reserved 1048576K
}
Event: 31.129 GC heap before
{Heap before GC invocations=25 (full 0):
 garbage-first heap   total 282624K, used 220820K [0x0000000080000000, 0x0000000100000000)
  region size 1024K, 30 young (30720K), 5 survivors (5120K)
 Metaspace       used 85722K, capacity 87788K, committed 88064K, reserved 1126400K
  class space    used 11221K, capacity 11965K, committed 12032K, reserved 1048576K
}
Event: 31.160 GC heap after
{Heap after GC invocations=26 (full 0):
 garbage-first heap   total 282624K, used 210743K [0x0000000080000000, 0x0000000100000000)
  region size 1024K, 4 young (4096K), 4 survivors (4096K)
 Metaspace       used 85722K, capacity 87788K, committed 88064K, reserved 1126400K
  class space    used 11221K, capacity 11965K, committed 12032K, reserved 1048576K
}
Event: 31.276 GC heap before
{Heap before GC invocations=26 (full 0):
 garbage-first heap   total 282624K, used 228151K [0x0000000080000000, 0x0000000100000000)
  region size 1024K, 22 young (22528K), 4 survivors (4096K)
 Metaspace       used 85723K, capacity 87788K, committed 88064K, reserved 1126400K
  class space    used 11221K, capacity 11965K, committed 12032K, reserved 1048576K
}
Event: 31.300 GC heap after
{Heap after GC invocations=27 (full 0):
 garbage-first heap   total 282624K, used 222208K [0x0000000080000000, 0x0000000100000000)
  region size 1024K, 3 young (3072K), 3 survivors (3072K)
 Metaspace       used 85723K, capacity 87788K, committed 88064K, reserved 1126400K
  class space    used 11221K, capacity 11965K, committed 12032K, reserved 1048576K
}
Event: 31.441 GC heap before
{Heap before GC invocations=27 (full 0):
 garbage-first heap   total 282624K, used 235520K [0x0000000080000000, 0x0000000100000000)
  region size 1024K, 16 young (16384K), 3 survivors (3072K)
 Metaspace       used 85723K, capacity 87788K, committed 88064K, reserved 1126400K
  class space    used 11221K, capacity 11965K, committed 12032K, reserved 1048576K
}
Event: 31.469 GC heap after
{Heap after GC invocations=28 (full 0):
 garbage-first heap   total 339968K, used 231011K [0x0000000080000000, 0x0000000100000000)
  region size 1024K, 2 young (2048K), 2 survivors (2048K)
 Metaspace       used 85723K, capacity 87788K, committed 88064K, reserved 1126400K
  class space    used 11221K, capacity 11965K, committed 12032K, reserved 1048576K
}
Event: 32.532 GC heap before
{Heap before GC invocations=29 (full 0):
 garbage-first heap   total 339968K, used 258659K [0x0000000080000000, 0x0000000100000000)
  region size 1024K, 30 young (30720K), 2 survivors (2048K)
 Metaspace       used 87340K, capacity 89456K, committed 89600K, reserved 1126400K
  class space    used 11433K, capacity 12185K, committed 12288K, reserved 1048576K
}
Event: 32.559 GC heap after
{Heap after GC invocations=30 (full 0):
 garbage-first heap   total 339968K, used 242635K [0x0000000080000000, 0x0000000100000000)
  region size 1024K, 4 young (4096K), 4 survivors (4096K)
 Metaspace       used 87340K, capacity 89456K, committed 89600K, reserved 1126400K
  class space    used 11433K, capacity 12185K, committed 12288K, reserved 1048576K
}
Event: 32.974 GC heap before
{Heap before GC invocations=30 (full 0):
 garbage-first heap   total 339968K, used 268235K [0x0000000080000000, 0x0000000100000000)
  region size 1024K, 30 young (30720K), 4 survivors (4096K)
 Metaspace       used 87636K, capacity 89742K, committed 89856K, reserved 1126400K
  class space    used 11467K, capacity 12237K, committed 12288K, reserved 1048576K
}
Event: 33.020 GC heap after
{Heap after GC invocations=31 (full 0):
 garbage-first heap   total 339968K, used 249856K [0x0000000080000000, 0x0000000100000000)
  region size 1024K, 4 young (4096K), 4 survivors (4096K)
 Metaspace       used 87636K, capacity 89742K, committed 89856K, reserved 1126400K
  class space    used 11467K, capacity 12237K, committed 12288K, reserved 1048576K
}
Event: 33.546 GC heap before
{Heap before GC invocations=31 (full 0):
 garbage-first heap   total 339968K, used 274432K [0x0000000080000000, 0x0000000100000000)
  region size 1024K, 29 young (29696K), 4 survivors (4096K)
 Metaspace       used 87737K, capacity 89845K, committed 90112K, reserved 1126400K
  class space    used 11478K, capacity 12249K, committed 12288K, reserved 1048576K
}
Event: 33.565 GC heap after
{Heap after GC invocations=32 (full 0):
 garbage-first heap   total 339968K, used 254217K [0x0000000080000000, 0x0000000100000000)
  region size 1024K, 4 young (4096K), 4 survivors (4096K)
 Metaspace       used 87737K, capacity 89845K, committed 90112K, reserved 1126400K
  class space    used 11478K, capacity 12249K, committed 12288K, reserved 1048576K
}
Event: 34.208 GC heap before
{Heap before GC invocations=32 (full 0):
 garbage-first heap   total 339968K, used 262409K [0x0000000080000000, 0x0000000100000000)
  region size 1024K, 28 young (28672K), 4 survivors (4096K)
 Metaspace       used 87976K, capacity 90165K, committed 90368K, reserved 1128448K
  class space    used 11497K, capacity 12287K, committed 12288K, reserved 1048576K
}

