# JRE version: OpenJDK Runtime Environment (11.0.8+10) (build 11.0.8+10-b944.6842174)
# Java VM: OpenJDK 64-Bit Server VM (11.0.8+10-b944.6842174, mixed mode, tiered, compressed oops, g1 gc, windows-amd64)
Heap:
 garbage-first heap   total 481280K, used 238908K [0x0000000080000000, 0x0000000100000000)
  region size 1024K, 2 young (2048K), 2 survivors (2048K)
 Metaspace       used 89888K, capacity 92021K, committed 92364K, reserved 1128448K
  class space    used 11644K, capacity 12392K, committed 12492K, reserved 1048576K
GC Heap History (20 events):
Event: 37.338 GC heap after
{Heap after GC invocations=23 (full 0):
 garbage-first heap   total 229376K, used 167936K [0x0000000080000000, 0x0000000100000000)
  region size 1024K, 5 young (5120K), 5 survivors (5120K)
 Metaspace       used 89836K, capacity 92018K, committed 92364K, reserved 1128448K
  class space    used 11643K, capacity 12392K, committed 12492K, reserved 1048576K
}
Event: 37.470 GC heap before
{Heap before GC invocations=23 (full 0):
 garbage-first heap   total 229376K, used 186368K [0x0000000080000000, 0x0000000100000000)
  region size 1024K, 23 young (23552K), 5 survivors (5120K)
 Metaspace       used 89856K, capacity 92021K, committed 92364K, reserved 1128448K
  class space    used 11643K, capacity 12392K, committed 12492K, reserved 1048576K
}
Event: 37.512 GC heap after
{Heap after GC invocations=24 (full 0):
 garbage-first heap   total 229376K, used 179200K [0x0000000080000000, 0x0000000100000000)
  region size 1024K, 3 young (3072K), 3 survivors (3072K)
 Metaspace       used 89856K, capacity 92021K, committed 92364K, reserved 1128448K
  class space    used 11643K, capacity 12392K, committed 12492K, reserved 1048576K
}
Event: 37.635 GC heap before
{Heap before GC invocations=24 (full 0):
 garbage-first heap   total 229376K, used 191488K [0x0000000080000000, 0x0000000100000000)
  region size 1024K, 15 young (15360K), 3 survivors (3072K)
 Metaspace       used 89858K, capacity 92021K, committed 92364K, reserved 1128448K
  class space    used 11643K, capacity 12392K, committed 12492K, reserved 1048576K
}
Event: 37.657 GC heap after
{Heap after GC invocations=25 (full 0):
 garbage-first heap   total 229376K, used 187010K [0x0000000080000000, 0x0000000100000000)
  region size 1024K, 2 young (2048K), 2 survivors (2048K)
 Metaspace       used 89858K, capacity 92021K, committed 92364K, reserved 1128448K
  class space    used 11643K, capacity 12392K, committed 12492K, reserved 1048576K
}
Event: 37.755 GC heap before
{Heap before GC invocations=25 (full 0):
 garbage-first heap   total 229376K, used 196226K [0x0000000080000000, 0x0000000100000000)
  region size 1024K, 11 young (11264K), 2 survivors (2048K)
 Metaspace       used 89860K, capacity 92021K, committed 92364K, reserved 1128448K
  class space    used 11644K, capacity 12392K, committed 12492K, reserved 1048576K
}
Event: 37.770 GC heap after
{Heap after GC invocations=26 (full 0):
 garbage-first heap   total 229376K, used 192967K [0x0000000080000000, 0x0000000100000000)
  region size 1024K, 2 young (2048K), 2 survivors (2048K)
 Metaspace       used 89860K, capacity 92021K, committed 92364K, reserved 1128448K
  class space    used 11644K, capacity 12392K, committed 12492K, reserved 1048576K
}
Event: 37.850 GC heap before
{Heap before GC invocations=26 (full 0):
 garbage-first heap   total 229376K, used 202183K [0x0000000080000000, 0x0000000100000000)
  region size 1024K, 11 young (11264K), 2 survivors (2048K)
 Metaspace       used 89861K, capacity 92021K, committed 92364K, reserved 1128448K
  class space    used 11644K, capacity 12392K, committed 12492K, reserved 1048576K
}
Event: 37.864 GC heap after
{Heap after GC invocations=27 (full 0):
 garbage-first heap   total 229376K, used 198543K [0x0000000080000000, 0x0000000100000000)
  region size 1024K, 2 young (2048K), 2 survivors (2048K)
 Metaspace       used 89861K, capacity 92021K, committed 92364K, reserved 1128448K
  class space    used 11644K, capacity 12392K, committed 12492K, reserved 1048576K
}
Event: 37.938 GC heap before
{Heap before GC invocations=27 (full 0):
 garbage-first heap   total 229376K, used 207759K [0x0000000080000000, 0x0000000100000000)
  region size 1024K, 11 young (11264K), 2 survivors (2048K)
 Metaspace       used 89862K, capacity 92021K, committed 92364K, reserved 1128448K
  class space    used 11644K, capacity 12392K, committed 12492K, reserved 1048576K
}
Event: 37.951 GC heap after
{Heap after GC invocations=28 (full 0):
 garbage-first heap   total 229376K, used 203906K [0x0000000080000000, 0x0000000100000000)
  region size 1024K, 2 young (2048K), 2 survivors (2048K)
 Metaspace       used 89862K, capacity 92021K, committed 92364K, reserved 1128448K
  class space    used 11644K, capacity 12392K, committed 12492K, reserved 1048576K
}
Event: 38.029 GC heap before
{Heap before GC invocations=28 (full 0):
 garbage-first heap   total 229376K, used 213122K [0x0000000080000000, 0x0000000100000000)
  region size 1024K, 11 young (11264K), 2 survivors (2048K)
 Metaspace       used 89863K, capacity 92021K, committed 92364K, reserved 1128448K
  class space    used 11644K, capacity 12392K, committed 12492K, reserved 1048576K
}
Event: 38.045 GC heap after
{Heap after GC invocations=29 (full 0):
 garbage-first heap   total 275456K, used 209661K [0x0000000080000000, 0x0000000100000000)
  region size 1024K, 2 young (2048K), 2 survivors (2048K)
 Metaspace       used 89863K, capacity 92021K, committed 92364K, reserved 1128448K
  class space    used 11644K, capacity 12392K, committed 12492K, reserved 1048576K
}
Event: 38.220 GC heap before
{Heap before GC invocations=29 (full 0):
 garbage-first heap   total 275456K, used 225021K [0x0000000080000000, 0x0000000100000000)
  region size 1024K, 18 young (18432K), 2 survivors (2048K)
 Metaspace       used 89888K, capacity 92021K, committed 92364K, reserved 1128448K
  class space    used 11644K, capacity 12392K, committed 12492K, reserved 1048576K
}
Event: 38.243 GC heap after
{Heap after GC invocations=30 (full 0):
 garbage-first heap   total 275456K, used 217982K [0x0000000080000000, 0x0000000100000000)
  region size 1024K, 3 young (3072K), 3 survivors (3072K)
 Metaspace       used 89888K, capacity 92021K, committed 92364K, reserved 1128448K
  class space    used 11644K, capacity 12392K, committed 12492K, reserved 1048576K
}
Event: 38.381 GC heap before
{Heap before GC invocations=30 (full 0):
 garbage-first heap   total 275456K, used 230270K [0x0000000080000000, 0x0000000100000000)
  region size 1024K, 15 young (15360K), 3 survivors (3072K)
 Metaspace       used 89888K, capacity 92021K, committed 92364K, reserved 1128448K
  class space    used 11644K, capacity 12392K, committed 12492K, reserved 1048576K
}
Event: 38.404 GC heap after
{Heap after GC invocations=31 (full 0):
 garbage-first heap   total 275456K, used 225460K [0x0000000080000000, 0x0000000100000000)
  region size 1024K, 2 young (2048K), 2 survivors (2048K)
 Metaspace       used 89888K, capacity 92021K, committed 92364K, reserved 1128448K
  class space    used 11644K, capacity 12392K, committed 12492K, reserved 1048576K
}
Event: 38.487 GC heap before
{Heap before GC invocations=32 (full 0):
 garbage-first heap   total 275456K, used 236724K [0x0000000080000000, 0x0000000100000000)
  region size 1024K, 13 young (13312K), 2 survivors (2048K)
 Metaspace       used 89888K, capacity 92021K, committed 92364K, reserved 1128448K
  class space    used 11644K, capacity 12392K, committed 12492K, reserved 1048576K
}
Event: 38.502 GC heap after
{Heap after GC invocations=33 (full 0):
 garbage-first heap   total 275456K, used 232370K [0x0000000080000000, 0x0000000100000000)
  region size 1024K, 2 young (2048K), 2 survivors (2048K)
 Metaspace       used 89888K, capacity 92021K, committed 92364K, reserved 1128448K
  class space    used 11644K, capacity 12392K, committed 12492K, reserved 1048576K
}
Event: 38.663 GC heap before
{Heap before GC invocations=33 (full 0):
 garbage-first heap   total 275456K, used 242610K [0x0000000080000000, 0x0000000100000000)
  region size 1024K, 13 young (13312K), 2 survivors (2048K)
 Metaspace       used 89888K, capacity 92021K, committed 92364K, reserved 1128448K
  class space    used 11644K, capacity 12392K, committed 12492K, reserved 1048576K
}

