# JRE version: OpenJDK Runtime Environment (11.0.8+10) (build 11.0.8+10-b944.6842174)
# Java VM: OpenJDK 64-Bit Server VM (11.0.8+10-b944.6842174, mixed mode, tiered, compressed oops, g1 gc, windows-amd64)
Heap:
 garbage-first heap   total 757760K, used 271736K [0x0000000080000000, 0x0000000100000000)
  region size 1024K, 3 young (3072K), 3 survivors (3072K)
 Metaspace       used 117592K, capacity 121169K, committed 121336K, reserved 1155072K
  class space    used 14651K, capacity 15787K, committed 15864K, reserved 1048576K
GC Heap History (20 events):
Event: 162.426 GC heap after
{Heap after GC invocations=48 (full 0):
 garbage-first heap   total 231424K, used 173056K [0x0000000080000000, 0x0000000100000000)
  region size 1024K, 2 young (2048K), 2 survivors (2048K)
 Metaspace       used 115604K, capacity 119194K, committed 119416K, reserved 1153024K
  class space    used 14298K, capacity 15433K, committed 15480K, reserved 1048576K
}
Event: 162.604 GC heap before
{Heap before GC invocations=48 (full 0):
 garbage-first heap   total 231424K, used 186368K [0x0000000080000000, 0x0000000100000000)
  region size 1024K, 17 young (17408K), 2 survivors (2048K)
 Metaspace       used 115656K, capacity 119258K, committed 119416K, reserved 1153024K
  class space    used 14303K, capacity 15433K, committed 15480K, reserved 1048576K
}
Event: 162.623 GC heap after
{Heap after GC invocations=49 (full 0):
 garbage-first heap   total 231424K, used 178993K [0x0000000080000000, 0x0000000100000000)
  region size 1024K, 3 young (3072K), 3 survivors (3072K)
 Metaspace       used 115656K, capacity 119258K, committed 119416K, reserved 1153024K
  class space    used 14303K, capacity 15433K, committed 15480K, reserved 1048576K
}
Event: 162.856 GC heap before
{Heap before GC invocations=49 (full 0):
 garbage-first heap   total 231424K, used 195377K [0x0000000080000000, 0x0000000100000000)
  region size 1024K, 18 young (18432K), 3 survivors (3072K)
 Metaspace       used 115691K, capacity 119267K, committed 119416K, reserved 1153024K
  class space    used 14310K, capacity 15436K, committed 15480K, reserved 1048576K
}
Event: 162.884 GC heap after
{Heap after GC invocations=50 (full 0):
 garbage-first heap   total 231424K, used 187185K [0x0000000080000000, 0x0000000100000000)
  region size 1024K, 3 young (3072K), 3 survivors (3072K)
 Metaspace       used 115691K, capacity 119267K, committed 119416K, reserved 1153024K
  class space    used 14310K, capacity 15436K, committed 15480K, reserved 1048576K
}
Event: 163.043 GC heap before
{Heap before GC invocations=50 (full 0):
 garbage-first heap   total 231424K, used 197425K [0x0000000080000000, 0x0000000100000000)
  region size 1024K, 14 young (14336K), 3 survivors (3072K)
 Metaspace       used 115691K, capacity 119267K, committed 119416K, reserved 1153024K
  class space    used 14310K, capacity 15436K, committed 15480K, reserved 1048576K
}
Event: 163.075 GC heap after
{Heap after GC invocations=51 (full 0):
 garbage-first heap   total 231424K, used 192353K [0x0000000080000000, 0x0000000100000000)
  region size 1024K, 2 young (2048K), 2 survivors (2048K)
 Metaspace       used 115691K, capacity 119267K, committed 119416K, reserved 1153024K
  class space    used 14310K, capacity 15436K, committed 15480K, reserved 1048576K
}
Event: 163.191 GC heap before
{Heap before GC invocations=51 (full 0):
 garbage-first heap   total 231424K, used 200545K [0x0000000080000000, 0x0000000100000000)
  region size 1024K, 11 young (11264K), 2 survivors (2048K)
 Metaspace       used 115708K, capacity 119267K, committed 119416K, reserved 1153024K
  class space    used 14311K, capacity 15436K, committed 15480K, reserved 1048576K
}
Event: 163.214 GC heap after
{Heap after GC invocations=52 (full 0):
 garbage-first heap   total 231424K, used 196865K [0x0000000080000000, 0x0000000100000000)
  region size 1024K, 2 young (2048K), 2 survivors (2048K)
 Metaspace       used 115708K, capacity 119267K, committed 119416K, reserved 1153024K
  class space    used 14311K, capacity 15436K, committed 15480K, reserved 1048576K
}
Event: 163.439 GC heap before
{Heap before GC invocations=53 (full 0):
 garbage-first heap   total 231424K, used 207105K [0x0000000080000000, 0x0000000100000000)
  region size 1024K, 11 young (11264K), 2 survivors (2048K)
 Metaspace       used 117162K, capacity 120782K, committed 121080K, reserved 1155072K
  class space    used 14640K, capacity 15774K, committed 15864K, reserved 1048576K
}
Event: 163.456 GC heap after
{Heap after GC invocations=54 (full 0):
 garbage-first heap   total 231424K, used 202141K [0x0000000080000000, 0x0000000100000000)
  region size 1024K, 2 young (2048K), 2 survivors (2048K)
 Metaspace       used 117162K, capacity 120782K, committed 121080K, reserved 1155072K
  class space    used 14640K, capacity 15774K, committed 15864K, reserved 1048576K
}
Event: 163.640 GC heap before
{Heap before GC invocations=54 (full 0):
 garbage-first heap   total 231424K, used 211357K [0x0000000080000000, 0x0000000100000000)
  region size 1024K, 11 young (11264K), 2 survivors (2048K)
 Metaspace       used 117499K, capacity 121095K, committed 121336K, reserved 1155072K
  class space    used 14665K, capacity 15813K, committed 15864K, reserved 1048576K
}
Event: 163.664 GC heap after
{Heap after GC invocations=55 (full 0):
 garbage-first heap   total 340992K, used 205622K [0x0000000080000000, 0x0000000100000000)
  region size 1024K, 2 young (2048K), 2 survivors (2048K)
 Metaspace       used 117499K, capacity 121095K, committed 121336K, reserved 1155072K
  class space    used 14665K, capacity 15813K, committed 15864K, reserved 1048576K
}
Event: 163.934 GC heap before
{Heap before GC invocations=55 (full 0):
 garbage-first heap   total 340992K, used 244534K [0x0000000080000000, 0x0000000100000000)
  region size 1024K, 40 young (40960K), 2 survivors (2048K)
 Metaspace       used 117603K, capacity 121237K, committed 121336K, reserved 1155072K
  class space    used 14665K, capacity 15813K, committed 15864K, reserved 1048576K
}
Event: 163.976 GC heap after
{Heap after GC invocations=56 (full 0):
 garbage-first heap   total 340992K, used 227868K [0x0000000080000000, 0x0000000100000000)
  region size 1024K, 5 young (5120K), 5 survivors (5120K)
 Metaspace       used 117603K, capacity 121237K, committed 121336K, reserved 1155072K
  class space    used 14665K, capacity 15813K, committed 15864K, reserved 1048576K
}
Event: 164.213 GC heap before
{Heap before GC invocations=56 (full 0):
 garbage-first heap   total 340992K, used 258588K [0x0000000080000000, 0x0000000100000000)
  region size 1024K, 35 young (35840K), 5 survivors (5120K)
 Metaspace       used 117608K, capacity 121237K, committed 121336K, reserved 1155072K
  class space    used 14665K, capacity 15813K, committed 15864K, reserved 1048576K
}
Event: 164.265 GC heap after
{Heap after GC invocations=57 (full 0):
 garbage-first heap   total 340992K, used 246140K [0x0000000080000000, 0x0000000100000000)
  region size 1024K, 5 young (5120K), 5 survivors (5120K)
 Metaspace       used 117608K, capacity 121237K, committed 121336K, reserved 1155072K
  class space    used 14665K, capacity 15813K, committed 15864K, reserved 1048576K
}
Event: 164.425 GC heap before
{Heap before GC invocations=57 (full 0):
 garbage-first heap   total 340992K, used 270716K [0x0000000080000000, 0x0000000100000000)
  region size 1024K, 29 young (29696K), 5 survivors (5120K)
 Metaspace       used 117610K, capacity 121237K, committed 121336K, reserved 1155072K
  class space    used 14665K, capacity 15813K, committed 15864K, reserved 1048576K
}
Event: 164.461 GC heap after
{Heap after GC invocations=58 (full 0):
 garbage-first heap   total 340992K, used 261120K [0x0000000080000000, 0x0000000100000000)
  region size 1024K, 4 young (4096K), 4 survivors (4096K)
 Metaspace       used 117610K, capacity 121237K, committed 121336K, reserved 1155072K
  class space    used 14665K, capacity 15813K, committed 15864K, reserved 1048576K
}
Event: 164.666 GC heap before
{Heap before GC invocations=58 (full 0):
 garbage-first heap   total 340992K, used 278528K [0x0000000080000000, 0x0000000100000000)
  region size 1024K, 22 young (22528K), 4 survivors (4096K)
 Metaspace       used 117592K, capacity 121169K, committed 121336K, reserved 1155072K
  class space    used 14651K, capacity 15787K, committed 15864K, reserved 1048576K
}

