# JRE version: OpenJDK Runtime Environment (11.0.8+10) (build 11.0.8+10-b944.6842174)
# Java VM: OpenJDK 64-Bit Server VM (11.0.8+10-b944.6842174, mixed mode, tiered, compressed oops, g1 gc, windows-amd64)
Heap:
 garbage-first heap   total 229376K, used 55710K [0x0000000080000000, 0x0000000100000000)
  region size 1024K, 32 young (32768K), 3 survivors (3072K)
 Metaspace       used 27677K, capacity 28410K, committed 28544K, reserved 1073152K
  class space    used 3662K, capacity 3943K, committed 3968K, reserved 1048576K
GC Heap History (6 events):
Event: 1.001 GC heap before
{Heap before GC invocations=0 (full 0):
 garbage-first heap   total 229376K, used 29696K [0x0000000080000000, 0x0000000100000000)
  region size 1024K, 24 young (24576K), 0 survivors (0K)
 Metaspace       used 10397K, capacity 10641K, committed 11008K, reserved 1058816K
  class space    used 1095K, capacity 1163K, committed 1280K, reserved 1048576K
}
Event: 1.004 GC heap after
{Heap after GC invocations=1 (full 0):
 garbage-first heap   total 229376K, used 8343K [0x0000000080000000, 0x0000000100000000)
  region size 1024K, 3 young (3072K), 3 survivors (3072K)
 Metaspace       used 10397K, capacity 10641K, committed 11008K, reserved 1058816K
  class space    used 1095K, capacity 1163K, committed 1280K, reserved 1048576K
}
Event: 3.470 GC heap before
{Heap before GC invocations=1 (full 0):
 garbage-first heap   total 229376K, used 92311K [0x0000000080000000, 0x0000000100000000)
  region size 1024K, 87 young (89088K), 3 survivors (3072K)
 Metaspace       used 20627K, capacity 21108K, committed 21248K, reserved 1067008K
  class space    used 2530K, capacity 2721K, committed 2816K, reserved 1048576K
}
Event: 3.479 GC heap after
{Heap after GC invocations=2 (full 0):
 garbage-first heap   total 229376K, used 16497K [0x0000000080000000, 0x0000000100000000)
  region size 1024K, 11 young (11264K), 11 survivors (11264K)
 Metaspace       used 20627K, capacity 21108K, committed 21248K, reserved 1067008K
  class space    used 2530K, capacity 2721K, committed 2816K, reserved 1048576K
}
Event: 4.125 GC heap before
{Heap before GC invocations=3 (full 0):
 garbage-first heap   total 229376K, used 59505K [0x0000000080000000, 0x0000000100000000)
  region size 1024K, 53 young (54272K), 11 survivors (11264K)
 Metaspace       used 25675K, capacity 26364K, committed 26368K, reserved 1073152K
  class space    used 3343K, capacity 3582K, committed 3584K, reserved 1048576K
}
Event: 4.132 GC heap after
{Heap after GC invocations=4 (full 0):
 garbage-first heap   total 229376K, used 17822K [0x0000000080000000, 0x0000000100000000)
  region size 1024K, 3 young (3072K), 3 survivors (3072K)
 Metaspace       used 25675K, capacity 26364K, committed 26368K, reserved 1073152K
  class space    used 3343K, capacity 3582K, committed 3584K, reserved 1048576K
}

