# JRE version: OpenJDK Runtime Environment (11.0.8+10) (build 11.0.8+10-b944.6842174)
# Java VM: OpenJDK 64-Bit Server VM (11.0.8+10-b944.6842174, mixed mode, tiered, compressed oops, g1 gc, windows-amd64)
Heap:
 garbage-first heap   total 698368K, used 279472K [0x0000000080000000, 0x0000000100000000)
  region size 1024K, 3 young (3072K), 3 survivors (3072K)
 Metaspace       used 113004K, capacity 116156K, committed 116268K, reserved 1150976K
  class space    used 14327K, capacity 15418K, committed 15488K, reserved 1048576K
GC Heap History (20 events):
Event: 68.770 GC heap after
{Heap after GC invocations=29 (full 0):
 garbage-first heap   total 243712K, used 180162K [0x0000000080000000, 0x0000000100000000)
  region size 1024K, 2 young (2048K), 2 survivors (2048K)
 Metaspace       used 111146K, capacity 114263K, committed 114348K, reserved 1148928K
  class space    used 13987K, capacity 15070K, committed 15104K, reserved 1048576K
}
Event: 68.978 GC heap before
{Heap before GC invocations=29 (full 0):
 garbage-first heap   total 243712K, used 203714K [0x0000000080000000, 0x0000000100000000)
  region size 1024K, 25 young (25600K), 2 survivors (2048K)
 Metaspace       used 111146K, capacity 114263K, committed 114348K, reserved 1148928K
  class space    used 13987K, capacity 15070K, committed 15104K, reserved 1048576K
}
Event: 69.006 GC heap after
{Heap after GC invocations=30 (full 0):
 garbage-first heap   total 243712K, used 189440K [0x0000000080000000, 0x0000000100000000)
  region size 1024K, 4 young (4096K), 4 survivors (4096K)
 Metaspace       used 111146K, capacity 114263K, committed 114348K, reserved 1148928K
  class space    used 13987K, capacity 15070K, committed 15104K, reserved 1048576K
}
Event: 69.395 GC heap before
{Heap before GC invocations=30 (full 0):
 garbage-first heap   total 243712K, used 206848K [0x0000000080000000, 0x0000000100000000)
  region size 1024K, 20 young (20480K), 4 survivors (4096K)
 Metaspace       used 112829K, capacity 115988K, committed 116268K, reserved 1150976K
  class space    used 14333K, capacity 15433K, committed 15488K, reserved 1048576K
}
Event: 69.436 GC heap after
{Heap after GC invocations=31 (full 0):
 garbage-first heap   total 243712K, used 198429K [0x0000000080000000, 0x0000000100000000)
  region size 1024K, 3 young (3072K), 3 survivors (3072K)
 Metaspace       used 112829K, capacity 115988K, committed 116268K, reserved 1150976K
  class space    used 14333K, capacity 15433K, committed 15488K, reserved 1048576K
}
Event: 69.697 GC heap before
{Heap before GC invocations=32 (full 0):
 garbage-first heap   total 243712K, used 208669K [0x0000000080000000, 0x0000000100000000)
  region size 1024K, 13 young (13312K), 3 survivors (3072K)
 Metaspace       used 112968K, capacity 116129K, committed 116268K, reserved 1150976K
  class space    used 14334K, capacity 15433K, committed 15488K, reserved 1048576K
}
Event: 69.721 GC heap after
{Heap after GC invocations=33 (full 0):
 garbage-first heap   total 243712K, used 204800K [0x0000000080000000, 0x0000000100000000)
  region size 1024K, 2 young (2048K), 2 survivors (2048K)
 Metaspace       used 112968K, capacity 116129K, committed 116268K, reserved 1150976K
  class space    used 14334K, capacity 15433K, committed 15488K, reserved 1048576K
}
Event: 69.822 GC heap before
{Heap before GC invocations=33 (full 0):
 garbage-first heap   total 243712K, used 214016K [0x0000000080000000, 0x0000000100000000)
  region size 1024K, 11 young (11264K), 2 survivors (2048K)
 Metaspace       used 112984K, capacity 116193K, committed 116268K, reserved 1150976K
  class space    used 14334K, capacity 15433K, committed 15488K, reserved 1048576K
}
Event: 69.840 GC heap after
{Heap after GC invocations=34 (full 0):
 garbage-first heap   total 243712K, used 208790K [0x0000000080000000, 0x0000000100000000)
  region size 1024K, 2 young (2048K), 2 survivors (2048K)
 Metaspace       used 112984K, capacity 116193K, committed 116268K, reserved 1150976K
  class space    used 14334K, capacity 15433K, committed 15488K, reserved 1048576K
}
Event: 69.923 GC heap before
{Heap before GC invocations=34 (full 0):
 garbage-first heap   total 243712K, used 218006K [0x0000000080000000, 0x0000000100000000)
  region size 1024K, 11 young (11264K), 2 survivors (2048K)
 Metaspace       used 112998K, capacity 116193K, committed 116268K, reserved 1150976K
  class space    used 14334K, capacity 15433K, committed 15488K, reserved 1048576K
}
Event: 69.942 GC heap after
{Heap after GC invocations=35 (full 0):
 garbage-first heap   total 243712K, used 214490K [0x0000000080000000, 0x0000000100000000)
  region size 1024K, 2 young (2048K), 2 survivors (2048K)
 Metaspace       used 112998K, capacity 116193K, committed 116268K, reserved 1150976K
  class space    used 14334K, capacity 15433K, committed 15488K, reserved 1048576K
}
Event: 70.038 GC heap before
{Heap before GC invocations=35 (full 0):
 garbage-first heap   total 243712K, used 223706K [0x0000000080000000, 0x0000000100000000)
  region size 1024K, 11 young (11264K), 2 survivors (2048K)
 Metaspace       used 113010K, capacity 116196K, committed 116268K, reserved 1150976K
  class space    used 14334K, capacity 15433K, committed 15488K, reserved 1048576K
}
Event: 70.057 GC heap after
{Heap after GC invocations=36 (full 0):
 garbage-first heap   total 345088K, used 220292K [0x0000000080000000, 0x0000000100000000)
  region size 1024K, 2 young (2048K), 2 survivors (2048K)
 Metaspace       used 113010K, capacity 116196K, committed 116268K, reserved 1150976K
  class space    used 14334K, capacity 15433K, committed 15488K, reserved 1048576K
}
Event: 70.399 GC heap before
{Heap before GC invocations=36 (full 0):
 garbage-first heap   total 345088K, used 252036K [0x0000000080000000, 0x0000000100000000)
  region size 1024K, 34 young (34816K), 2 survivors (2048K)
 Metaspace       used 113023K, capacity 116196K, committed 116268K, reserved 1150976K
  class space    used 14335K, capacity 15433K, committed 15488K, reserved 1048576K
}
Event: 70.432 GC heap after
{Heap after GC invocations=37 (full 0):
 garbage-first heap   total 345088K, used 238850K [0x0000000080000000, 0x0000000100000000)
  region size 1024K, 5 young (5120K), 5 survivors (5120K)
 Metaspace       used 113023K, capacity 116196K, committed 116268K, reserved 1150976K
  class space    used 14335K, capacity 15433K, committed 15488K, reserved 1048576K
}
Event: 70.684 GC heap before
{Heap before GC invocations=37 (full 0):
 garbage-first heap   total 345088K, used 265474K [0x0000000080000000, 0x0000000100000000)
  region size 1024K, 32 young (32768K), 5 survivors (5120K)
 Metaspace       used 113003K, capacity 116156K, committed 116268K, reserved 1150976K
  class space    used 14327K, capacity 15418K, committed 15488K, reserved 1048576K
}
Event: 70.734 GC heap after
{Heap after GC invocations=38 (full 0):
 garbage-first heap   total 345088K, used 254976K [0x0000000080000000, 0x0000000100000000)
  region size 1024K, 4 young (4096K), 4 survivors (4096K)
 Metaspace       used 113003K, capacity 116156K, committed 116268K, reserved 1150976K
  class space    used 14327K, capacity 15418K, committed 15488K, reserved 1048576K
}
Event: 70.906 GC heap before
{Heap before GC invocations=38 (full 0):
 garbage-first heap   total 345088K, used 276480K [0x0000000080000000, 0x0000000100000000)
  region size 1024K, 25 young (25600K), 4 survivors (4096K)
 Metaspace       used 113004K, capacity 116156K, committed 116268K, reserved 1150976K
  class space    used 14327K, capacity 15418K, committed 15488K, reserved 1048576K
}
Event: 70.946 GC heap after
{Heap after GC invocations=39 (full 0):
 garbage-first heap   total 345088K, used 268288K [0x0000000080000000, 0x0000000100000000)
  region size 1024K, 4 young (4096K), 4 survivors (4096K)
 Metaspace       used 113004K, capacity 116156K, committed 116268K, reserved 1150976K
  class space    used 14327K, capacity 15418K, committed 15488K, reserved 1048576K
}
Event: 71.158 GC heap before
{Heap before GC invocations=40 (full 0):
 garbage-first heap   total 345088K, used 284672K [0x0000000080000000, 0x0000000100000000)
  region size 1024K, 21 young (21504K), 4 survivors (4096K)
 Metaspace       used 113004K, capacity 116156K, committed 116268K, reserved 1150976K
  class space    used 14327K, capacity 15418K, committed 15488K, reserved 1048576K
}

