# JRE version: OpenJDK Runtime Environment (11.0.8+10) (build 11.0.8+10-b944.6842174)
# Java VM: OpenJDK 64-Bit Server VM (11.0.8+10-b944.6842174, mixed mode, tiered, compressed oops, g1 gc, windows-amd64)
Heap:
 garbage-first heap   total 529408K, used 250470K [0x0000000080000000, 0x0000000100000000)
  region size 1024K, 5 young (5120K), 5 survivors (5120K)
 Metaspace       used 87945K, capacity 90076K, committed 90188K, reserved 1126400K
  class space    used 11494K, capacity 12277K, committed 12364K, reserved 1048576K
GC Heap History (20 events):
Event: 33.958 GC heap after
{Heap after GC invocations=20 (full 0):
 garbage-first heap   total 229376K, used 146254K [0x0000000080000000, 0x0000000100000000)
  region size 1024K, 7 young (7168K), 7 survivors (7168K)
 Metaspace       used 83733K, capacity 85771K, committed 86220K, reserved 1124352K
  class space    used 10864K, capacity 11592K, committed 11724K, reserved 1048576K
}
Event: 34.560 GC heap before
{Heap before GC invocations=21 (full 0):
 garbage-first heap   total 229376K, used 180046K [0x0000000080000000, 0x0000000100000000)
  region size 1024K, 39 young (39936K), 7 survivors (7168K)
 Metaspace       used 85665K, capacity 87712K, committed 88140K, reserved 1126400K
  class space    used 11221K, capacity 11960K, committed 12108K, reserved 1048576K
}
Event: 34.623 GC heap after
{Heap after GC invocations=22 (full 0):
 garbage-first heap   total 229376K, used 164840K [0x0000000080000000, 0x0000000100000000)
  region size 1024K, 5 young (5120K), 5 survivors (5120K)
 Metaspace       used 85665K, capacity 87712K, committed 88140K, reserved 1126400K
  class space    used 11221K, capacity 11960K, committed 12108K, reserved 1048576K
}
Event: 34.727 GC heap before
{Heap before GC invocations=22 (full 0):
 garbage-first heap   total 229376K, used 185320K [0x0000000080000000, 0x0000000100000000)
  region size 1024K, 25 young (25600K), 5 survivors (5120K)
 Metaspace       used 85684K, capacity 87779K, committed 88140K, reserved 1126400K
  class space    used 11221K, capacity 11960K, committed 12108K, reserved 1048576K
}
Event: 34.763 GC heap after
{Heap after GC invocations=23 (full 0):
 garbage-first heap   total 294912K, used 177561K [0x0000000080000000, 0x0000000100000000)
  region size 1024K, 4 young (4096K), 4 survivors (4096K)
 Metaspace       used 85684K, capacity 87779K, committed 88140K, reserved 1126400K
  class space    used 11221K, capacity 11960K, committed 12108K, reserved 1048576K
}
Event: 35.075 GC heap before
{Heap before GC invocations=23 (full 0):
 garbage-first heap   total 294912K, used 214425K [0x0000000080000000, 0x0000000100000000)
  region size 1024K, 40 young (40960K), 4 survivors (4096K)
 Metaspace       used 85697K, capacity 87779K, committed 88140K, reserved 1126400K
  class space    used 11221K, capacity 11960K, committed 12108K, reserved 1048576K
}
Event: 35.116 GC heap after
{Heap after GC invocations=24 (full 0):
 garbage-first heap   total 294912K, used 199662K [0x0000000080000000, 0x0000000100000000)
  region size 1024K, 5 young (5120K), 5 survivors (5120K)
 Metaspace       used 85697K, capacity 87779K, committed 88140K, reserved 1126400K
  class space    used 11221K, capacity 11960K, committed 12108K, reserved 1048576K
}
Event: 35.374 GC heap before
{Heap before GC invocations=24 (full 0):
 garbage-first heap   total 294912K, used 227310K [0x0000000080000000, 0x0000000100000000)
  region size 1024K, 33 young (33792K), 5 survivors (5120K)
 Metaspace       used 85699K, capacity 87779K, committed 88140K, reserved 1126400K
  class space    used 11221K, capacity 11960K, committed 12108K, reserved 1048576K
}
Event: 35.413 GC heap after
{Heap after GC invocations=25 (full 0):
 garbage-first heap   total 294912K, used 216064K [0x0000000080000000, 0x0000000100000000)
  region size 1024K, 5 young (5120K), 5 survivors (5120K)
 Metaspace       used 85699K, capacity 87779K, committed 88140K, reserved 1126400K
  class space    used 11221K, capacity 11960K, committed 12108K, reserved 1048576K
}
Event: 35.586 GC heap before
{Heap before GC invocations=25 (full 0):
 garbage-first heap   total 294912K, used 237568K [0x0000000080000000, 0x0000000100000000)
  region size 1024K, 26 young (26624K), 5 survivors (5120K)
 Metaspace       used 85700K, capacity 87779K, committed 88140K, reserved 1126400K
  class space    used 11221K, capacity 11960K, committed 12108K, reserved 1048576K
}
Event: 35.619 GC heap after
{Heap after GC invocations=26 (full 0):
 garbage-first heap   total 294912K, used 229777K [0x0000000080000000, 0x0000000100000000)
  region size 1024K, 4 young (4096K), 4 survivors (4096K)
 Metaspace       used 85700K, capacity 87779K, committed 88140K, reserved 1126400K
  class space    used 11221K, capacity 11960K, committed 12108K, reserved 1048576K
}
Event: 35.810 GC heap before
{Heap before GC invocations=27 (full 0):
 garbage-first heap   total 294912K, used 244113K [0x0000000080000000, 0x0000000100000000)
  region size 1024K, 19 young (19456K), 4 survivors (4096K)
 Metaspace       used 85702K, capacity 87779K, committed 88140K, reserved 1126400K
  class space    used 11221K, capacity 11960K, committed 12108K, reserved 1048576K
}
Event: 35.845 GC heap after
{Heap after GC invocations=28 (full 0):
 garbage-first heap   total 354304K, used 239285K [0x0000000080000000, 0x0000000100000000)
  region size 1024K, 3 young (3072K), 3 survivors (3072K)
 Metaspace       used 85702K, capacity 87779K, committed 88140K, reserved 1126400K
  class space    used 11221K, capacity 11960K, committed 12108K, reserved 1048576K
}
Event: 36.606 GC heap before
{Heap before GC invocations=28 (full 0):
 garbage-first heap   total 354304K, used 270005K [0x0000000080000000, 0x0000000100000000)
  region size 1024K, 33 young (33792K), 3 survivors (3072K)
 Metaspace       used 87340K, capacity 89477K, committed 89548K, reserved 1126400K
  class space    used 11440K, capacity 12193K, committed 12236K, reserved 1048576K
}
Event: 36.640 GC heap after
{Heap after GC invocations=29 (full 0):
 garbage-first heap   total 354304K, used 248586K [0x0000000080000000, 0x0000000100000000)
  region size 1024K, 5 young (5120K), 5 survivors (5120K)
 Metaspace       used 87340K, capacity 89477K, committed 89548K, reserved 1126400K
  class space    used 11440K, capacity 12193K, committed 12236K, reserved 1048576K
}
Event: 37.328 GC heap before
{Heap before GC invocations=29 (full 0):
 garbage-first heap   total 354304K, used 277258K [0x0000000080000000, 0x0000000100000000)
  region size 1024K, 34 young (34816K), 5 survivors (5120K)
 Metaspace       used 87731K, capacity 89866K, committed 90188K, reserved 1126400K
  class space    used 11485K, capacity 12257K, committed 12364K, reserved 1048576K
}
Event: 37.368 GC heap after
{Heap after GC invocations=30 (full 0):
 garbage-first heap   total 354304K, used 254906K [0x0000000080000000, 0x0000000100000000)
  region size 1024K, 5 young (5120K), 5 survivors (5120K)
 Metaspace       used 87731K, capacity 89866K, committed 90188K, reserved 1126400K
  class space    used 11485K, capacity 12257K, committed 12364K, reserved 1048576K
}
Event: 37.831 GC heap before
{Heap before GC invocations=30 (full 0):
 garbage-first heap   total 354304K, used 267194K [0x0000000080000000, 0x0000000100000000)
  region size 1024K, 33 young (33792K), 5 survivors (5120K)
 Metaspace       used 87931K, capacity 90075K, committed 90188K, reserved 1126400K
  class space    used 11494K, capacity 12277K, committed 12364K, reserved 1048576K
}
Event: 37.857 GC heap after
{Heap after GC invocations=31 (full 0):
 garbage-first heap   total 354304K, used 240810K [0x0000000080000000, 0x0000000100000000)
  region size 1024K, 3 young (3072K), 3 survivors (3072K)
 Metaspace       used 87931K, capacity 90075K, committed 90188K, reserved 1126400K
  class space    used 11494K, capacity 12277K, committed 12364K, reserved 1048576K
}
Event: 38.649 GC heap before
{Heap before GC invocations=32 (full 0):
 garbage-first heap   total 354304K, used 281770K [0x0000000080000000, 0x0000000100000000)
  region size 1024K, 37 young (37888K), 3 survivors (3072K)
 Metaspace       used 87945K, capacity 90076K, committed 90188K, reserved 1126400K
  class space    used 11494K, capacity 12277K, committed 12364K, reserved 1048576K
}

